\BOOKMARK [0][-]{chapter*.3}{\376\377\000L\000i\000s\000t\000a\000\040\000d\000e\000\040\000F\000i\000g\000u\000r\000a\000s}{}% 1
\BOOKMARK [0][-]{chapter*.4}{\376\377\000L\000i\000s\000t\000a\000\040\000d\000e\000\040\000T\000a\000b\000e\000l\000a\000s}{}% 2
\BOOKMARK [0][-]{chapter.1}{\376\377\000I\000n\000t\000r\000o\000d\000u\000\347\000\343\000o}{}% 3
\BOOKMARK [1][-]{section.1.1}{\376\377\000C\000o\000n\000t\000e\000x\000t\000u\000a\000l\000i\000z\000a\000\347\000\343\000o}{chapter.1}% 4
\BOOKMARK [1][-]{section.1.2}{\376\377\000M\000o\000t\000i\000v\000a\000\347\000\343\000o}{chapter.1}% 5
\BOOKMARK [1][-]{section.1.3}{\376\377\000O\000b\000j\000e\000t\000i\000v\000o\000s}{chapter.1}% 6
\BOOKMARK [1][-]{section.1.4}{\376\377\000D\000e\000l\000i\000m\000i\000t\000a\000\347\000\343\000o\000\040\000d\000o\000\040\000E\000s\000c\000o\000p\000o\000\040\000d\000e\000\040\000N\000e\000g\000\363\000c\000i\000o}{chapter.1}% 7
\BOOKMARK [1][-]{section.1.5}{\376\377\000E\000s\000t\000r\000u\000t\000u\000r\000a\000\040\000d\000a\000\040\000D\000i\000s\000s\000e\000r\000t\000a\000\347\000\343\000o}{chapter.1}% 8
\BOOKMARK [0][-]{chapter.2}{\376\377\000R\000e\000v\000i\000s\000\343\000o\000\040\000d\000e\000\040\000L\000i\000t\000e\000r\000a\000t\000u\000r\000a}{}% 9
\BOOKMARK [1][-]{section.2.1}{\376\377\000I\000A\000\040\000n\000a\000\040\000i\000n\000d\000\372\000s\000t\000r\000i\000a\000\040\000d\000e\000\040\000p\000e\000t\000r\000o\000l\000e\000o}{chapter.2}% 10
\BOOKMARK [1][-]{section.2.2}{\376\377\000M\000o\000d\000e\000l\000o\000s\000\040\000d\000e\000\040\000L\000i\000n\000g\000u\000a\000g\000e\000m\000\040\000d\000e\000\040\000G\000r\000a\000n\000d\000e\000\040\000E\000s\000c\000a\000l\000a\000\040\000\050\000L\000L\000M\000s\000\051\000.}{chapter.2}% 11
\BOOKMARK [1][-]{section.2.3}{\376\377\000T\000a\000r\000e\000f\000a\000s\000\040\000d\000e\000\040\000P\000e\000r\000g\000u\000n\000t\000a\000\040\000e\000\040\000R\000e\000s\000p\000o\000s\000t\000a\000\040\000\050\000Q\000\046\000A\000\051\000.}{chapter.2}% 12
\BOOKMARK [1][-]{section.2.4}{\376\377\000T\000a\000r\000e\000f\000a\000s\000\040\000T\000e\000x\000t\000-\000t\000o\000-\000S\000Q\000L}{chapter.2}% 13
\BOOKMARK [1][-]{section.2.5}{\376\377\000M\000u\000l\000t\000i\000-\000A\000g\000e\000n\000t\000\040\000S\000e\000t\000u\000p}{chapter.2}% 14
\BOOKMARK [0][-]{chapter.3}{\376\377\000E\000x\000p\000e\000r\000i\000m\000e\000n\000t\000o\000\040\0001}{}% 15
\BOOKMARK [1][-]{section.3.1}{\376\377\000M\000e\000t\000o\000d\000o\000l\000o\000g\000i\000a}{chapter.3}% 16
\BOOKMARK [2][-]{subsection.3.1.1}{\376\377\000P\000r\000e\000p\000a\000r\000a\000\347\000\343\000o\000\040\000d\000e\000\040\000D\000a\000d\000o\000s}{section.3.1}% 17
\BOOKMARK [2][-]{subsection.3.1.2}{\376\377\000A\000r\000q\000u\000i\000t\000e\000t\000u\000r\000a\000\040\000M\000u\000l\000t\000i\000-\000A\000g\000e\000n\000t\000e}{section.3.1}% 18
\BOOKMARK [2][-]{subsection.3.1.3}{\376\377\000A\000v\000a\000l\000i\000a\000\347\000\343\000o}{section.3.1}% 19
\BOOKMARK [1][-]{section.3.2}{\376\377\000R\000e\000s\000u\000l\000t\000a\000d\000o\000s}{chapter.3}% 20
\BOOKMARK [2][-]{subsection.3.2.1}{\376\377\000V\000e\000r\000a\000c\000i\000d\000a\000d\000e}{section.3.2}% 21
\BOOKMARK [2][-]{subsection.3.2.2}{\376\377\000D\000e\000s\000e\000m\000p\000e\000n\000h\000o}{section.3.2}% 22
\BOOKMARK [2][-]{subsection.3.2.3}{\376\377\000C\000u\000s\000t\000o\000\040\000d\000e\000\040\000L\000L\000M}{section.3.2}% 23
\BOOKMARK [1][-]{section.3.3}{\376\377\000D\000i\000s\000c\000u\000s\000s\000\343\000o}{chapter.3}% 24
\BOOKMARK [2][-]{subsection.3.3.1}{\376\377\000D\000e\000s\000e\000m\000p\000e\000n\000h\000o\000\040\000G\000e\000r\000a\000l\000.}{section.3.3}% 25
\BOOKMARK [2][-]{subsection.3.3.2}{\376\377\000A\000n\000\341\000l\000i\000s\000e\000\040\000d\000e\000\040\000C\000u\000s\000t\000o\000-\000D\000e\000s\000e\000m\000p\000e\000n\000h\000o\000.}{section.3.3}% 26
\BOOKMARK [2][-]{subsection.3.3.3}{\376\377\000V\000a\000r\000i\000a\000\347\000\365\000e\000s\000\040\000n\000o\000\040\000D\000e\000s\000e\000m\000p\000e\000n\000h\000o\000\040\000d\000o\000s\000\040\000M\000o\000d\000e\000l\000o\000s\000.}{section.3.3}% 27
\BOOKMARK [2][-]{subsection.3.3.4}{\376\377\000E\000f\000i\000c\000i\000\352\000n\000c\000i\000a\000\040\000E\000c\000o\000n\000\364\000m\000i\000c\000a\000.}{section.3.3}% 28
\BOOKMARK [2][-]{subsection.3.3.5}{\376\377\000D\000e\000s\000a\000f\000i\000o\000s\000\040\000e\000\040\000L\000i\000m\000i\000t\000a\000\347\000\365\000e\000s\000.}{section.3.3}% 29
\BOOKMARK [2][-]{subsection.3.3.6}{\376\377\000I\000m\000p\000l\000i\000c\000a\000\347\000\365\000e\000s\000\040\000P\000r\000\341\000t\000i\000c\000a\000s\000.}{section.3.3}% 30
\BOOKMARK [2][-]{subsection.3.3.7}{\376\377\000F\000u\000t\000u\000r\000a\000s\000\040\000D\000i\000r\000e\000\347\000\365\000e\000s}{section.3.3}% 31
\BOOKMARK [0][-]{chapter.4}{\376\377\000E\000x\000p\000e\000r\000i\000m\000e\000n\000t\000o\000\040\0002}{}% 32
\BOOKMARK [1][-]{section.4.1}{\376\377\000M\000e\000t\000o\000d\000o\000l\000o\000g\000i\000a\000\040\0002}{chapter.4}% 33
\BOOKMARK [2][-]{subsection.4.1.1}{\376\377\000D\000a\000t\000a\000s\000e\000t\000\040\000d\000e\000\040\000Q\000\046\000A}{section.4.1}% 34
\BOOKMARK [2][-]{subsection.4.1.2}{\376\377\000S\000e\000t\000u\000p\000s}{section.4.1}% 35
\BOOKMARK [2][-]{subsection.4.1.3}{\376\377\000F\000r\000a\000m\000e\000w\000o\000r\000k\000s\000\040\000u\000t\000i\000l\000i\000z\000a\000d\000o\000s}{section.4.1}% 36
\BOOKMARK [2][-]{subsection.4.1.4}{\376\377\000A\000v\000a\000l\000i\000a\000\347\000\343\000o\000\040\000d\000e\000\040\000d\000e\000s\000e\000m\000p\000e\000n\000h\000o}{section.4.1}% 37
\BOOKMARK [1][-]{section.4.2}{\376\377\000M\000e\000t\000h\000o\000d\000o\000l\000o\000g\000y\000\040\000\050\000g\000e\000n\000e\000r\000a\000t\000e\000d\000\051}{chapter.4}% 38
\BOOKMARK [2][-]{subsection.4.2.1}{\376\377\0001\000.\000\040\000O\000v\000e\000r\000v\000i\000e\000w}{section.4.2}% 39
\BOOKMARK [2][-]{subsection.4.2.2}{\376\377\0002\000.\000\040\000E\000x\000p\000e\000r\000i\000m\000e\000n\000t\000a\000l\000\040\000W\000o\000r\000k\000f\000l\000o\000w\000\040\000\050\000E\000x\000p\000a\000n\000d\000e\000d\000\051}{section.4.2}% 40
\BOOKMARK [2][-]{subsection.4.2.3}{\376\377\0003\000.\000\040\000D\000a\000t\000a\000\040\000S\000o\000u\000r\000c\000e\000s}{section.4.2}% 41
\BOOKMARK [2][-]{subsection.4.2.4}{\376\377\0004\000.\000\040\000S\000y\000s\000t\000e\000m\000\040\000A\000r\000c\000h\000i\000t\000e\000c\000t\000u\000r\000e}{section.4.2}% 42
\BOOKMARK [2][-]{subsection.4.2.5}{\376\377\0005\000.\000\040\000E\000x\000p\000e\000r\000i\000m\000e\000n\000t\000a\000l\000\040\000S\000e\000t\000u\000p\000s}{section.4.2}% 43
\BOOKMARK [2][-]{subsection.4.2.6}{\376\377\0006\000.\000\040\000E\000x\000e\000c\000u\000t\000i\000o\000n\000\040\000D\000e\000t\000a\000i\000l\000s}{section.4.2}% 44
\BOOKMARK [2][-]{subsection.4.2.7}{\376\377\0007\000.\000\040\000E\000v\000a\000l\000u\000a\000t\000i\000o\000n\000\040\000M\000e\000t\000r\000i\000c\000s}{section.4.2}% 45
\BOOKMARK [2][-]{subsection.4.2.8}{\376\377\0008\000.\000\040\000R\000e\000p\000r\000o\000d\000u\000c\000i\000b\000i\000l\000i\000t\000y}{section.4.2}% 46
\BOOKMARK [2][-]{subsection.4.2.9}{\376\377\0009\000.\000\040\000L\000i\000m\000i\000t\000a\000t\000i\000o\000n\000s}{section.4.2}% 47
\BOOKMARK [2][-]{subsection.4.2.10}{\376\377\0001\0000\000.\000\040\000S\000u\000m\000m\000a\000r\000y}{section.4.2}% 48
\BOOKMARK [1][-]{section.4.3}{\376\377\000R\000e\000s\000u\000l\000t\000a\000d\000o\000s\000\040\0002}{chapter.4}% 49
\BOOKMARK [1][-]{section.4.4}{\376\377\000D\000i\000s\000c\000u\000s\000s\000\343\000o\000\040\0002}{chapter.4}% 50
\BOOKMARK [2][-]{subsection.4.4.1}{\376\377\000a\000a\000a\000a}{section.4.4}% 51
\BOOKMARK [2][-]{subsection.4.4.2}{\376\377\000a\000a\000a\000a}{section.4.4}% 52
\BOOKMARK [2][-]{subsection.4.4.3}{\376\377\000a\000a\000a\000a}{section.4.4}% 53
\BOOKMARK [2][-]{subsection.4.4.4}{\376\377\000a\000a\000a\000a}{section.4.4}% 54
\BOOKMARK [0][-]{chapter.5}{\376\377\000C\000o\000n\000c\000l\000u\000s\000\365\000e\000s\000\040\0001}{}% 55
\BOOKMARK [0][-]{chapter.6}{\376\377\000C\000o\000n\000c\000l\000u\000s\000\365\000e\000s\000\040\0002\000\040\000A\000A\000A}{}% 56
\BOOKMARK [0][-]{chapter*.31}{\376\377\000R\000e\000f\000e\000r\000\352\000n\000c\000i\000a\000s\000\040\000B\000i\000b\000l\000i\000o\000g\000r\000\341\000f\000i\000c\000a\000s}{}% 57
\BOOKMARK [0][-]{appendix.A}{\376\377\000U\000m\000\040\000a\000p\000\352\000n\000d\000i\000c\000e}{}% 58
\BOOKMARK [0][-]{appendix.A}{\376\377\000U\000m\000\040\000A\000n\000e\000x\000o}{}% 59
